<?xml version="1.0" encoding="UTF-8"?>
<coverage generated="1633692102">
  <project timestamp="1633692102">
    <file name="/app/src/Currency.php">
      <class name="arslanimamutdinov\ISOStandard4217\Currency" namespace="global">
        <metrics complexity="8" methods="5" coveredmethods="5" conditionals="0" coveredconditionals="0" statements="15" coveredstatements="15" elements="20" coveredelements="20"/>
      </class>
      <line num="15" type="method" name="__construct" visibility="public" complexity="1" crap="1" count="4"/>
      <line num="17" type="stmt" count="4"/>
      <line num="19" type="stmt" count="1"/>
      <line num="20" type="stmt" count="1"/>
      <line num="21" type="stmt" count="1"/>
      <line num="22" type="stmt" count="1"/>
      <line num="24" type="method" name="getName" visibility="public" complexity="1" crap="1" count="1"/>
      <line num="26" type="stmt" count="1"/>
      <line num="29" type="method" name="getAlpha3" visibility="public" complexity="1" crap="1" count="1"/>
      <line num="31" type="stmt" count="1"/>
      <line num="34" type="method" name="getNumericCode" visibility="public" complexity="1" crap="1" count="1"/>
      <line num="36" type="stmt" count="1"/>
      <line num="39" type="method" name="validateAttributes" visibility="private" complexity="4" crap="4" count="4"/>
      <line num="41" type="stmt" count="4"/>
      <line num="42" type="stmt" count="1"/>
      <line num="45" type="stmt" count="3"/>
      <line num="46" type="stmt" count="1"/>
      <line num="49" type="stmt" count="2"/>
      <line num="50" type="stmt" count="1"/>
      <line num="52" type="stmt" count="1"/>
      <metrics loc="53" ncloc="53" classes="1" methods="5" coveredmethods="5" conditionals="0" coveredconditionals="0" statements="15" coveredstatements="15" elements="20" coveredelements="20"/>
    </file>
    <file name="/app/src/exceptions/CurrencyStandardAlpha3EmptyException.php">
      <class name="arslanimamutdinov\ISOStandard4217\exceptions\CurrencyStandardAlpha3EmptyException" namespace="global">
        <metrics complexity="0" methods="0" coveredmethods="0" conditionals="0" coveredconditionals="0" statements="0" coveredstatements="0" elements="0" coveredelements="0"/>
      </class>
      <metrics loc="9" ncloc="9" classes="0" methods="0" coveredmethods="0" conditionals="0" coveredconditionals="0" statements="0" coveredstatements="0" elements="0" coveredelements="0"/>
    </file>
    <file name="/app/src/exceptions/CurrencyStandardNameEmptyException.php">
      <class name="arslanimamutdinov\ISOStandard4217\exceptions\CurrencyStandardNameEmptyException" namespace="global">
        <metrics complexity="0" methods="0" coveredmethods="0" conditionals="0" coveredconditionals="0" statements="0" coveredstatements="0" elements="0" coveredelements="0"/>
      </class>
      <metrics loc="9" ncloc="9" classes="0" methods="0" coveredmethods="0" conditionals="0" coveredconditionals="0" statements="0" coveredstatements="0" elements="0" coveredelements="0"/>
    </file>
    <file name="/app/src/exceptions/CurrencyStandardNumericCodeEmptyException.php">
      <class name="arslanimamutdinov\ISOStandard4217\exceptions\CurrencyStandardNumericCodeEmptyException" namespace="global">
        <metrics complexity="0" methods="0" coveredmethods="0" conditionals="0" coveredconditionals="0" statements="0" coveredstatements="0" elements="0" coveredelements="0"/>
      </class>
      <metrics loc="9" ncloc="9" classes="0" methods="0" coveredmethods="0" conditionals="0" coveredconditionals="0" statements="0" coveredstatements="0" elements="0" coveredelements="0"/>
    </file>
    <metrics files="4" loc="80" ncloc="80" classes="1" methods="5" coveredmethods="5" conditionals="0" coveredconditionals="0" statements="15" coveredstatements="15" elements="20" coveredelements="20"/>
  </project>
</coverage>
